<?xml version="1.0" ?>
<coverage version="7.15.1" timestamp="1784373747233" lines-valid="5175" lines-covered="1264" line-rate="0.2443" branches-valid="866" branches-covered="57" branch-rate="0.06582" complexity="0">
	<!-- Generated by coverage.py: https://coverage.readthedocs.io/en/7.15.1 -->
	<!-- Based on https://raw.githubusercontent.com/cobertura/web/master/htdocs/xml/coverage-04.dtd -->
	<sources>
		<source>C:\Users\Admin\MarketingOS\marketingos</source>
	</sources>
	<packages>
		<package name="src.marketingos.agents" line-rate="0.4605" branch-rate="0" complexity="0">
			<classes>
				<class name="base.py" filename="src/marketingos/agents/base.py" complexity="0" line-rate="0.4403" branch-rate="0">
					<methods/>
					<lines>
						<line number="25" hits="1"/>
						<line number="27" hits="1"/>
						<line number="28" hits="1"/>
						<line number="29" hits="1"/>
						<line number="30" hits="1"/>
						<line number="31" hits="1"/>
						<line number="33" hits="1"/>
						<line number="34" hits="1"/>
						<line number="39" hits="1"/>
						<line number="57" hits="1"/>
						<line number="72" hits="1"/>
						<line number="79" hits="0"/>
						<line number="80" hits="0"/>
						<line number="81" hits="0"/>
						<line number="82" hits="0"/>
						<line number="84" hits="1"/>
						<line number="85" hits="0"/>
						<line number="93" hits="0"/>
						<line number="96" hits="1"/>
						<line number="106" hits="1"/>
						<line number="115" hits="1"/>
						<line number="124" hits="1"/>
						<line number="125" hits="1"/>
						<line number="133" hits="1"/>
						<line number="135" hits="0"/>
						<line number="137" hits="1"/>
						<line number="139" hits="0"/>
						<line number="142" hits="1"/>
						<line number="143" hits="1"/>
						<line number="153" hits="1"/>
						<line number="166" hits="0"/>
						<line number="168" hits="1"/>
						<line number="170" hits="0"/>
						<line number="173" hits="1"/>
						<line number="174" hits="1"/>
						<line number="181" hits="1"/>
						<line number="187" hits="0"/>
						<line number="195" hits="1"/>
						<line number="203" hits="1"/>
						<line number="205" hits="1"/>
						<line number="211" hits="1"/>
						<line number="216" hits="1"/>
						<line number="221" hits="1"/>
						<line number="226" hits="1"/>
						<line number="240" hits="1"/>
						<line number="267" hits="1"/>
						<line number="286" hits="0"/>
						<line number="287" hits="0"/>
						<line number="288" hits="0"/>
						<line number="289" hits="0"/>
						<line number="290" hits="0"/>
						<line number="291" hits="0"/>
						<line number="295" hits="1"/>
						<line number="296" hits="1"/>
						<line number="298" hits="0"/>
						<line number="300" hits="1"/>
						<line number="301" hits="1"/>
						<line number="303" hits="0"/>
						<line number="305" hits="1"/>
						<line number="306" hits="1"/>
						<line number="308" hits="0"/>
						<line number="310" hits="1"/>
						<line number="311" hits="1"/>
						<line number="313" hits="0"/>
						<line number="315" hits="1"/>
						<line number="316" hits="1"/>
						<line number="318" hits="0"/>
						<line number="320" hits="1"/>
						<line number="321" hits="0"/>
						<line number="325" hits="1"/>
						<line number="339" hits="0" branch="true" condition-coverage="0% (0/2)" missing-branches="340,345"/>
						<line number="340" hits="0"/>
						<line number="345" hits="0"/>
						<line number="346" hits="0"/>
						<line number="347" hits="0"/>
						<line number="348" hits="0"/>
						<line number="355" hits="1"/>
						<line number="356" hits="1"/>
						<line number="376" hits="1"/>
						<line number="395" hits="0"/>
						<line number="396" hits="0"/>
						<line number="397" hits="0"/>
						<line number="398" hits="0"/>
						<line number="400" hits="0"/>
						<line number="401" hits="0"/>
						<line number="402" hits="0"/>
						<line number="403" hits="0"/>
						<line number="404" hits="0"/>
						<line number="405" hits="0"/>
						<line number="406" hits="0"/>
						<line number="407" hits="0" branch="true" condition-coverage="0% (0/2)" missing-branches="411,424"/>
						<line number="411" hits="0"/>
						<line number="412" hits="0"/>
						<line number="413" hits="0"/>
						<line number="422" hits="0"/>
						<line number="423" hits="0"/>
						<line number="424" hits="0"/>
						<line number="425" hits="0"/>
						<line number="431" hits="0" branch="true" condition-coverage="0% (0/2)" missing-branches="432,433"/>
						<line number="432" hits="0"/>
						<line number="433" hits="0"/>
						<line number="435" hits="0"/>
						<line number="436" hits="0"/>
						<line number="437" hits="0"/>
						<line number="444" hits="0"/>
						<line number="448" hits="1"/>
						<line number="455" hits="0"/>
						<line number="460" hits="0"/>
						<line number="462" hits="1"/>
						<line number="471" hits="0"/>
						<line number="476" hits="0"/>
						<line number="480" hits="1"/>
						<line number="496" hits="0"/>
						<line number="497" hits="0" branch="true" condition-coverage="0% (0/2)" missing-branches="498,501"/>
						<line number="498" hits="0"/>
						<line number="501" hits="0"/>
						<line number="503" hits="1"/>
						<line number="505" hits="0" branch="true" condition-coverage="0% (0/2)" missing-branches="506,509"/>
						<line number="506" hits="0"/>
						<line number="507" hits="0"/>
						<line number="508" hits="0"/>
						<line number="509" hits="0"/>
						<line number="511" hits="1"/>
						<line number="513" hits="0"/>
						<line number="514" hits="0"/>
						<line number="517" hits="0"/>
						<line number="521" hits="1"/>
						<line number="529" hits="0"/>
						<line number="533" hits="1"/>
						<line number="535" hits="0"/>
						<line number="541" hits="1"/>
						<line number="551" hits="0"/>
						<line number="561" hits="1"/>
						<line number="570" hits="0"/>
					</lines>
				</class>
				<class name="business_analysis.py" filename="src/marketingos/agents/business_analysis.py" complexity="0" line-rate="0.396" branch-rate="0">
					<methods/>
					<lines>
						<line number="39" hits="1"/>
						<line number="41" hits="1"/>
						<line number="42" hits="1"/>
						<line number="43" hits="1"/>
						<line number="44" hits="1"/>
						<line number="46" hits="1"/>
						<line number="48" hits="1"/>
						<line number="57" hits="1"/>
						<line number="58" hits="1"/>
						<line number="64" hits="1"/>
						<line number="65" hits="1"/>
						<line number="67" hits="1"/>
						<line number="82" hits="1"/>
						<line number="83" hits="1"/>
						<line number="91" hits="1"/>
						<line number="93" hits="0"/>
						<line number="96" hits="1"/>
						<line number="103" hits="1"/>
						<line number="109" hits="1"/>
						<line number="112" hits="1"/>
						<line number="114" hits="0"/>
						<line number="117" hits="1"/>
						<line number="132" hits="0"/>
						<line number="133" hits="0"/>
						<line number="134" hits="0" branch="true" condition-coverage="0% (0/2)" missing-branches="135,136"/>
						<line number="135" hits="0"/>
						<line number="136" hits="0"/>
						<line number="137" hits="0"/>
						<line number="138" hits="0" branch="true" condition-coverage="0% (0/2)" missing-branches="139,140"/>
						<line number="139" hits="0"/>
						<line number="140" hits="0"/>
						<line number="141" hits="0" branch="true" condition-coverage="0% (0/2)" missing-branches="142,143"/>
						<line number="142" hits="0"/>
						<line number="143" hits="0"/>
						<line number="151" hits="1"/>
						<line number="155" hits="1"/>
						<line number="167" hits="1"/>
						<line number="170" hits="1"/>
						<line number="177" hits="1"/>
						<line number="190" hits="1"/>
						<line number="207" hits="1"/>
						<line number="232" hits="0"/>
						<line number="233" hits="0"/>
						<line number="240" hits="0"/>
						<line number="241" hits="0"/>
						<line number="245" hits="1"/>
						<line number="260" hits="0" branch="true" condition-coverage="0% (0/2)" missing-branches="261,268"/>
						<line number="261" hits="0"/>
						<line number="268" hits="0"/>
						<line number="269" hits="0" branch="true" condition-coverage="0% (0/2)" missing-branches="270,274"/>
						<line number="270" hits="0"/>
						<line number="274" hits="0"/>
						<line number="276" hits="0"/>
						<line number="288" hits="0"/>
						<line number="294" hits="0"/>
						<line number="298" hits="1"/>
						<line number="299" hits="1"/>
						<line number="301" hits="0"/>
						<line number="313" hits="1"/>
						<line number="314" hits="1"/>
						<line number="316" hits="0"/>
						<line number="321" hits="0" branch="true" condition-coverage="0% (0/2)" missing-branches="322,323"/>
						<line number="322" hits="0"/>
						<line number="323" hits="0"/>
						<line number="327" hits="1"/>
						<line number="341" hits="0"/>
						<line number="345" hits="0"/>
						<line number="346" hits="0"/>
						<line number="347" hits="0"/>
						<line number="348" hits="0" branch="true" condition-coverage="0% (0/2)" missing-branches="349,350"/>
						<line number="349" hits="0"/>
						<line number="350" hits="0"/>
						<line number="351" hits="0"/>
						<line number="352" hits="0"/>
						<line number="356" hits="0"/>
						<line number="357" hits="0"/>
						<line number="358" hits="0"/>
						<line number="363" hits="0"/>
						<line number="365" hits="1"/>
						<line number="366" hits="1"/>
						<line number="372" hits="0"/>
						<line number="373" hits="0"/>
						<line number="374" hits="0" branch="true" condition-coverage="0% (0/2)" missing-branches="375,376"/>
						<line number="375" hits="0"/>
						<line number="376" hits="0" branch="true" condition-coverage="0% (0/2)" missing-branches="377,378"/>
						<line number="377" hits="0"/>
						<line number="378" hits="0"/>
						<line number="379" hits="0"/>
						<line number="380" hits="0"/>
						<line number="388" hits="1"/>
						<line number="389" hits="1"/>
						<line number="397" hits="0"/>
						<line number="398" hits="0" branch="true" condition-coverage="0% (0/2)" missing-branches="exit,399"/>
						<line number="399" hits="0" branch="true" condition-coverage="0% (0/2)" missing-branches="398,400"/>
						<line number="400" hits="0"/>
						<line number="406" hits="1"/>
						<line number="408" hits="0"/>
						<line number="409" hits="0"/>
						<line number="411" hits="1"/>
						<line number="412" hits="1"/>
						<line number="414" hits="0"/>
					</lines>
				</class>
				<class name="copywriter.py" filename="src/marketingos/agents/copywriter.py" complexity="0" line-rate="0.47" branch-rate="0">
					<methods/>
					<lines>
						<line number="25" hits="1"/>
						<line number="27" hits="1"/>
						<line number="28" hits="1"/>
						<line number="29" hits="1"/>
						<line number="31" hits="1"/>
						<line number="33" hits="1"/>
						<line number="41" hits="1"/>
						<line number="45" hits="1"/>
						<line number="52" hits="1"/>
						<line number="67" hits="1"/>
						<line number="70" hits="1"/>
						<line number="72" hits="1"/>
						<line number="76" hits="1"/>
						<line number="80" hits="1"/>
						<line number="81" hits="1"/>
						<line number="82" hits="1"/>
						<line number="83" hits="1"/>
						<line number="84" hits="1"/>
						<line number="90" hits="1"/>
						<line number="92" hits="1"/>
						<line number="93" hits="1"/>
						<line number="94" hits="1"/>
						<line number="96" hits="0"/>
						<line number="97" hits="0" branch="true" condition-coverage="0% (0/2)" missing-branches="98,102"/>
						<line number="98" hits="0"/>
						<line number="99" hits="0" branch="true" condition-coverage="0% (0/2)" missing-branches="100,101"/>
						<line number="100" hits="0"/>
						<line number="101" hits="0"/>
						<line number="102" hits="0"/>
						<line number="104" hits="1"/>
						<line number="105" hits="1"/>
						<line number="106" hits="1"/>
						<line number="108" hits="0"/>
						<line number="113" hits="0" branch="true" condition-coverage="0% (0/2)" missing-branches="114,115"/>
						<line number="114" hits="0"/>
						<line number="115" hits="0"/>
						<line number="118" hits="1"/>
						<line number="127" hits="1"/>
						<line number="129" hits="1"/>
						<line number="130" hits="1"/>
						<line number="134" hits="1"/>
						<line number="135" hits="1"/>
						<line number="141" hits="1"/>
						<line number="142" hits="1"/>
						<line number="144" hits="1"/>
						<line number="145" hits="1"/>
						<line number="147" hits="0"/>
						<line number="148" hits="0" branch="true" condition-coverage="0% (0/2)" missing-branches="149,150"/>
						<line number="149" hits="0"/>
						<line number="150" hits="0"/>
						<line number="153" hits="0"/>
						<line number="158" hits="0" branch="true" condition-coverage="0% (0/2)" missing-branches="159,163"/>
						<line number="159" hits="0"/>
						<line number="163" hits="0"/>
						<line number="171" hits="1"/>
						<line number="178" hits="1"/>
						<line number="191" hits="1"/>
						<line number="194" hits="1"/>
						<line number="203" hits="1"/>
						<line number="231" hits="1"/>
						<line number="246" hits="1"/>
						<line number="268" hits="0"/>
						<line number="269" hits="0"/>
						<line number="272" hits="0"/>
						<line number="273" hits="0"/>
						<line number="277" hits="1"/>
						<line number="293" hits="0"/>
						<line number="297" hits="0"/>
						<line number="298" hits="0"/>
						<line number="299" hits="0"/>
						<line number="300" hits="0"/>
						<line number="301" hits="0" branch="true" condition-coverage="0% (0/2)" missing-branches="302,303"/>
						<line number="302" hits="0"/>
						<line number="303" hits="0"/>
						<line number="307" hits="0"/>
						<line number="308" hits="0"/>
						<line number="314" hits="0"/>
						<line number="322" hits="0"/>
						<line number="323" hits="0"/>
						<line number="329" hits="0"/>
						<line number="334" hits="0"/>
						<line number="338" hits="1"/>
						<line number="350" hits="0"/>
						<line number="351" hits="0"/>
						<line number="352" hits="0"/>
						<line number="353" hits="0" branch="true" condition-coverage="0% (0/2)" missing-branches="354,355"/>
						<line number="354" hits="0"/>
						<line number="355" hits="0" branch="true" condition-coverage="0% (0/2)" missing-branches="356,357"/>
						<line number="356" hits="0"/>
						<line number="357" hits="0" branch="true" condition-coverage="0% (0/2)" missing-branches="358,359"/>
						<line number="358" hits="0"/>
						<line number="359" hits="0" branch="true" condition-coverage="0% (0/2)" missing-branches="exit,360"/>
						<line number="360" hits="0"/>
						<line number="369" hits="1"/>
						<line number="371" hits="0" branch="true" condition-coverage="0% (0/2)" missing-branches="372,373"/>
						<line number="372" hits="0"/>
						<line number="373" hits="0"/>
						<line number="375" hits="1"/>
						<line number="376" hits="1"/>
						<line number="378" hits="0"/>
					</lines>
				</class>
				<class name="designer.py" filename="src/marketingos/agents/designer.py" complexity="0" line-rate="0.6881" branch-rate="0">
					<methods/>
					<lines>
						<line number="28" hits="1"/>
						<line number="30" hits="1"/>
						<line number="31" hits="1"/>
						<line number="32" hits="1"/>
						<line number="34" hits="1"/>
						<line number="36" hits="1"/>
						<line number="43" hits="1"/>
						<line number="44" hits="1"/>
						<line number="51" hits="1"/>
						<line number="70" hits="1"/>
						<line number="73" hits="1"/>
						<line number="75" hits="1"/>
						<line number="76" hits="1"/>
						<line number="77" hits="1"/>
						<line number="78" hits="1"/>
						<line number="82" hits="1"/>
						<line number="87" hits="1"/>
						<line number="90" hits="1"/>
						<line number="92" hits="1"/>
						<line number="93" hits="1"/>
						<line number="94" hits="1"/>
						<line number="95" hits="1"/>
						<line number="99" hits="1"/>
						<line number="102" hits="1"/>
						<line number="104" hits="0"/>
						<line number="133" hits="1"/>
						<line number="136" hits="1"/>
						<line number="138" hits="1"/>
						<line number="139" hits="1"/>
						<line number="140" hits="1"/>
						<line number="141" hits="1"/>
						<line number="142" hits="1"/>
						<line number="145" hits="1"/>
						<line number="146" hits="1"/>
						<line number="153" hits="1"/>
						<line number="162" hits="0"/>
						<line number="170" hits="1"/>
						<line number="178" hits="1"/>
						<line number="180" hits="1"/>
						<line number="181" hits="1"/>
						<line number="182" hits="1"/>
						<line number="184" hits="1"/>
						<line number="185" hits="1"/>
						<line number="187" hits="0" branch="true" condition-coverage="0% (0/2)" missing-branches="188,193"/>
						<line number="188" hits="0"/>
						<line number="193" hits="0"/>
						<line number="194" hits="0"/>
						<line number="195" hits="0" branch="true" condition-coverage="0% (0/2)" missing-branches="196,201"/>
						<line number="196" hits="0"/>
						<line number="201" hits="0"/>
						<line number="209" hits="1"/>
						<line number="212" hits="1"/>
						<line number="214" hits="1"/>
						<line number="215" hits="1"/>
						<line number="216" hits="1"/>
						<line number="217" hits="1"/>
						<line number="218" hits="1"/>
						<line number="221" hits="1"/>
						<line number="224" hits="1"/>
						<line number="226" hits="1"/>
						<line number="227" hits="1"/>
						<line number="228" hits="1"/>
						<line number="229" hits="1"/>
						<line number="230" hits="1"/>
						<line number="237" hits="1"/>
						<line number="245" hits="1"/>
						<line number="247" hits="1"/>
						<line number="248" hits="1"/>
						<line number="252" hits="1"/>
						<line number="256" hits="1"/>
						<line number="257" hits="1"/>
						<line number="258" hits="1"/>
						<line number="259" hits="1"/>
						<line number="261" hits="1"/>
						<line number="262" hits="1"/>
						<line number="264" hits="0" branch="true" condition-coverage="0% (0/2)" missing-branches="265,269"/>
						<line number="265" hits="0"/>
						<line number="269" hits="0"/>
						<line number="270" hits="0" branch="true" condition-coverage="0% (0/2)" missing-branches="271,272"/>
						<line number="271" hits="0"/>
						<line number="272" hits="0"/>
						<line number="273" hits="0" branch="true" condition-coverage="0% (0/2)" missing-branches="274,275"/>
						<line number="274" hits="0"/>
						<line number="275" hits="0"/>
						<line number="283" hits="1"/>
						<line number="286" hits="1"/>
						<line number="292" hits="1"/>
						<line number="296" hits="1"/>
						<line number="311" hits="1"/>
						<line number="329" hits="1"/>
						<line number="350" hits="0"/>
						<line number="351" hits="0"/>
						<line number="354" hits="0"/>
						<line number="355" hits="0"/>
						<line number="359" hits="1"/>
						<line number="369" hits="0"/>
						<line number="370" hits="0"/>
						<line number="373" hits="0"/>
						<line number="381" hits="0"/>
						<line number="395" hits="0"/>
						<line number="404" hits="0"/>
						<line number="410" hits="0"/>
						<line number="414" hits="1"/>
						<line number="424" hits="0"/>
						<line number="427" hits="0"/>
						<line number="433" hits="0"/>
						<line number="441" hits="1"/>
						<line number="455" hits="0"/>
						<line number="467" hits="0"/>
					</lines>
				</class>
				<class name="packaging.py" filename="src/marketingos/agents/packaging.py" complexity="0" line-rate="0" branch-rate="0">
					<methods/>
					<lines>
						<line number="35" hits="0"/>
						<line number="37" hits="0"/>
						<line number="38" hits="0"/>
						<line number="39" hits="0"/>
						<line number="40" hits="0"/>
						<line number="42" hits="0"/>
						<line number="44" hits="0"/>
						<line number="52" hits="0"/>
						<line number="53" hits="0"/>
						<line number="55" hits="0"/>
						<line number="77" hits="0"/>
						<line number="80" hits="0"/>
						<line number="82" hits="0"/>
						<line number="83" hits="0"/>
						<line number="86" hits="0"/>
						<line number="89" hits="0"/>
						<line number="91" hits="0"/>
						<line number="92" hits="0"/>
						<line number="93" hits="0"/>
						<line number="94" hits="0"/>
						<line number="97" hits="0"/>
						<line number="100" hits="0"/>
						<line number="102" hits="0"/>
						<line number="103" hits="0"/>
						<line number="104" hits="0"/>
						<line number="105" hits="0"/>
						<line number="108" hits="0"/>
						<line number="109" hits="0"/>
						<line number="118" hits="0"/>
						<line number="120" hits="0"/>
						<line number="122" hits="0"/>
						<line number="126" hits="0"/>
						<line number="128" hits="0"/>
						<line number="130" hits="0"/>
						<line number="138" hits="0"/>
						<line number="145" hits="0"/>
						<line number="147" hits="0"/>
						<line number="148" hits="0"/>
						<line number="150" hits="0"/>
						<line number="151" hits="0"/>
						<line number="153" hits="0" branch="true" condition-coverage="0% (0/2)" missing-branches="154,158"/>
						<line number="154" hits="0"/>
						<line number="158" hits="0" branch="true" condition-coverage="0% (0/2)" missing-branches="159,164"/>
						<line number="159" hits="0"/>
						<line number="164" hits="0"/>
						<line number="172" hits="0"/>
						<line number="175" hits="0"/>
						<line number="176" hits="0"/>
						<line number="177" hits="0"/>
						<line number="180" hits="0"/>
						<line number="183" hits="0"/>
						<line number="185" hits="0"/>
						<line number="186" hits="0"/>
						<line number="187" hits="0"/>
						<line number="191" hits="0"/>
						<line number="195" hits="0"/>
						<line number="196" hits="0"/>
						<line number="197" hits="0"/>
						<line number="198" hits="0"/>
						<line number="201" hits="0"/>
						<line number="204" hits="0"/>
						<line number="206" hits="0"/>
						<line number="207" hits="0"/>
						<line number="208" hits="0"/>
						<line number="209" hits="0"/>
						<line number="210" hits="0"/>
						<line number="211" hits="0"/>
						<line number="212" hits="0"/>
						<line number="213" hits="0"/>
						<line number="214" hits="0"/>
						<line number="215" hits="0"/>
						<line number="216" hits="0"/>
						<line number="217" hits="0"/>
						<line number="218" hits="0"/>
						<line number="221" hits="0"/>
						<line number="224" hits="0"/>
						<line number="226" hits="0"/>
						<line number="227" hits="0"/>
						<line number="228" hits="0"/>
						<line number="229" hits="0"/>
						<line number="230" hits="0"/>
						<line number="231" hits="0"/>
						<line number="232" hits="0"/>
						<line number="235" hits="0"/>
						<line number="242" hits="0"/>
						<line number="244" hits="0"/>
						<line number="245" hits="0"/>
						<line number="246" hits="0"/>
						<line number="247" hits="0"/>
						<line number="248" hits="0"/>
						<line number="249" hits="0"/>
						<line number="250" hits="0"/>
						<line number="253" hits="0"/>
						<line number="254" hits="0"/>
						<line number="256" hits="0"/>
						<line number="257" hits="0"/>
						<line number="259" hits="0"/>
						<line number="260" hits="0" branch="true" condition-coverage="0% (0/2)" missing-branches="261,262"/>
						<line number="261" hits="0"/>
						<line number="262" hits="0"/>
						<line number="263" hits="0" branch="true" condition-coverage="0% (0/2)" missing-branches="264,265"/>
						<line number="264" hits="0"/>
						<line number="265" hits="0"/>
						<line number="270" hits="0"/>
						<line number="273" hits="0" branch="true" condition-coverage="0% (0/2)" missing-branches="274,278"/>
						<line number="274" hits="0"/>
						<line number="278" hits="0" branch="true" condition-coverage="0% (0/2)" missing-branches="279,283"/>
						<line number="279" hits="0"/>
						<line number="283" hits="0"/>
						<line number="291" hits="0"/>
						<line number="304" hits="0"/>
						<line number="307" hits="0"/>
						<line number="312" hits="0"/>
						<line number="316" hits="0"/>
						<line number="324" hits="0"/>
						<line number="332" hits="0"/>
						<line number="354" hits="0"/>
						<line number="376" hits="0"/>
						<line number="377" hits="0"/>
						<line number="380" hits="0"/>
						<line number="381" hits="0"/>
						<line number="385" hits="0"/>
						<line number="399" hits="0" branch="true" condition-coverage="0% (0/2)" missing-branches="400,406"/>
						<line number="400" hits="0"/>
						<line number="406" hits="0"/>
						<line number="407" hits="0"/>
						<line number="408" hits="0"/>
						<line number="410" hits="0"/>
						<line number="435" hits="0"/>
						<line number="436" hits="0"/>
						<line number="444" hits="0"/>
						<line number="485" hits="0"/>
						<line number="500" hits="0"/>
						<line number="508" hits="0"/>
						<line number="509" hits="0"/>
						<line number="520" hits="0"/>
						<line number="527" hits="0"/>
						<line number="531" hits="0"/>
						<line number="542" hits="0"/>
						<line number="543" hits="0"/>
						<line number="547" hits="0"/>
						<line number="558" hits="0"/>
						<line number="567" hits="0"/>
						<line number="570" hits="0"/>
						<line number="581" hits="0"/>
						<line number="582" hits="0"/>
						<line number="586" hits="0"/>
						<line number="594" hits="0"/>
						<line number="598" hits="0"/>
					</lines>
				</class>
				<class name="planner.py" filename="src/marketingos/agents/planner.py" complexity="0" line-rate="0.5895" branch-rate="0">
					<methods/>
					<lines>
						<line number="24" hits="1"/>
						<line number="26" hits="1"/>
						<line number="27" hits="1"/>
						<line number="28" hits="1"/>
						<line number="29" hits="1"/>
						<line number="31" hits="1"/>
						<line number="33" hits="1"/>
						<line number="41" hits="1"/>
						<line number="45" hits="1"/>
						<line number="47" hits="1"/>
						<line number="63" hits="1"/>
						<line number="64" hits="1"/>
						<line number="65" hits="1"/>
						<line number="73" hits="1"/>
						<line number="76" hits="1"/>
						<line number="77" hits="1"/>
						<line number="80" hits="1"/>
						<line number="83" hits="1"/>
						<line number="84" hits="1"/>
						<line number="85" hits="1"/>
						<line number="86" hits="1"/>
						<line number="87" hits="1"/>
						<line number="88" hits="1"/>
						<line number="96" hits="1"/>
						<line number="99" hits="1"/>
						<line number="101" hits="1"/>
						<line number="102" hits="1"/>
						<line number="105" hits="1"/>
						<line number="106" hits="1"/>
						<line number="107" hits="1"/>
						<line number="108" hits="1"/>
						<line number="109" hits="1"/>
						<line number="110" hits="1"/>
						<line number="111" hits="1"/>
						<line number="116" hits="1"/>
						<line number="123" hits="1"/>
						<line number="137" hits="1"/>
						<line number="139" hits="1"/>
						<line number="140" hits="1"/>
						<line number="144" hits="1"/>
						<line number="145" hits="1"/>
						<line number="146" hits="1"/>
						<line number="148" hits="1"/>
						<line number="149" hits="1"/>
						<line number="151" hits="0"/>
						<line number="154" hits="0"/>
						<line number="159" hits="0" branch="true" condition-coverage="0% (0/2)" missing-branches="160,166"/>
						<line number="160" hits="0"/>
						<line number="166" hits="0"/>
						<line number="167" hits="0" branch="true" condition-coverage="0% (0/2)" missing-branches="168,170"/>
						<line number="168" hits="0"/>
						<line number="170" hits="0"/>
						<line number="171" hits="0" branch="true" condition-coverage="0% (0/2)" missing-branches="172,177"/>
						<line number="172" hits="0"/>
						<line number="177" hits="0"/>
						<line number="178" hits="0" branch="true" condition-coverage="0% (0/2)" missing-branches="179,190"/>
						<line number="179" hits="0" branch="true" condition-coverage="0% (0/2)" missing-branches="178,180"/>
						<line number="180" hits="0" branch="true" condition-coverage="0% (0/2)" missing-branches="181,185"/>
						<line number="181" hits="0"/>
						<line number="185" hits="0" branch="true" condition-coverage="0% (0/2)" missing-branches="179,186"/>
						<line number="186" hits="0"/>
						<line number="190" hits="0"/>
						<line number="198" hits="1"/>
						<line number="210" hits="1"/>
						<line number="213" hits="1"/>
						<line number="224" hits="1"/>
						<line number="257" hits="1"/>
						<line number="275" hits="1"/>
						<line number="297" hits="0"/>
						<line number="298" hits="0"/>
						<line number="301" hits="0"/>
						<line number="302" hits="0"/>
						<line number="306" hits="1"/>
						<line number="321" hits="0"/>
						<line number="325" hits="0"/>
						<line number="326" hits="0"/>
						<line number="327" hits="0"/>
						<line number="336" hits="0"/>
						<line number="337" hits="0"/>
						<line number="338" hits="0"/>
						<line number="344" hits="0"/>
						<line number="351" hits="0"/>
						<line number="355" hits="1"/>
						<line number="356" hits="1"/>
						<line number="362" hits="0"/>
						<line number="363" hits="0"/>
						<line number="368" hits="0" branch="true" condition-coverage="0% (0/2)" missing-branches="exit,369"/>
						<line number="369" hits="0"/>
						<line number="376" hits="1"/>
						<line number="378" hits="0" branch="true" condition-coverage="0% (0/2)" missing-branches="379,380"/>
						<line number="379" hits="0"/>
						<line number="380" hits="0"/>
						<line number="382" hits="1"/>
						<line number="383" hits="1"/>
						<line number="385" hits="0"/>
					</lines>
				</class>
				<class name="research.py" filename="src/marketingos/agents/research.py" complexity="0" line-rate="0.4766" branch-rate="0">
					<methods/>
					<lines>
						<line number="24" hits="1"/>
						<line number="26" hits="1"/>
						<line number="27" hits="1"/>
						<line number="28" hits="1"/>
						<line number="29" hits="1"/>
						<line number="30" hits="1"/>
						<line number="31" hits="1"/>
						<line number="33" hits="1"/>
						<line number="42" hits="1"/>
						<line number="52" hits="1"/>
						<line number="78" hits="1"/>
						<line number="81" hits="1"/>
						<line number="82" hits="1"/>
						<line number="83" hits="1"/>
						<line number="86" hits="1"/>
						<line number="89" hits="1"/>
						<line number="90" hits="1"/>
						<line number="91" hits="1"/>
						<line number="92" hits="1"/>
						<line number="93" hits="1"/>
						<line number="94" hits="1"/>
						<line number="95" hits="1"/>
						<line number="107" hits="1"/>
						<line number="110" hits="1"/>
						<line number="112" hits="1"/>
						<line number="113" hits="1"/>
						<line number="114" hits="1"/>
						<line number="117" hits="1"/>
						<line number="120" hits="1"/>
						<line number="122" hits="1"/>
						<line number="123" hits="1"/>
						<line number="124" hits="1"/>
						<line number="125" hits="1"/>
						<line number="126" hits="1"/>
						<line number="127" hits="1"/>
						<line number="128" hits="1"/>
						<line number="129" hits="1"/>
						<line number="132" hits="1"/>
						<line number="135" hits="1"/>
						<line number="137" hits="1"/>
						<line number="138" hits="1"/>
						<line number="139" hits="1"/>
						<line number="140" hits="1"/>
						<line number="141" hits="1"/>
						<line number="142" hits="1"/>
						<line number="143" hits="1"/>
						<line number="144" hits="1"/>
						<line number="147" hits="1"/>
						<line number="150" hits="1"/>
						<line number="152" hits="1"/>
						<line number="153" hits="1"/>
						<line number="154" hits="1"/>
						<line number="157" hits="1"/>
						<line number="158" hits="1"/>
						<line number="161" hits="1"/>
						<line number="163" hits="0"/>
						<line number="166" hits="1"/>
						<line number="167" hits="1"/>
						<line number="170" hits="1"/>
						<line number="172" hits="0"/>
						<line number="175" hits="1"/>
						<line number="176" hits="1"/>
						<line number="179" hits="1"/>
						<line number="183" hits="0"/>
						<line number="191" hits="1"/>
						<line number="199" hits="1"/>
						<line number="201" hits="1"/>
						<line number="202" hits="1"/>
						<line number="203" hits="1"/>
						<line number="205" hits="1"/>
						<line number="206" hits="1"/>
						<line number="207" hits="1"/>
						<line number="209" hits="0" branch="true" condition-coverage="0% (0/2)" missing-branches="210,211"/>
						<line number="210" hits="0"/>
						<line number="211" hits="0"/>
						<line number="212" hits="0" branch="true" condition-coverage="0% (0/2)" missing-branches="213,214"/>
						<line number="213" hits="0"/>
						<line number="214" hits="0"/>
						<line number="216" hits="1"/>
						<line number="217" hits="1"/>
						<line number="218" hits="1"/>
						<line number="220" hits="0" branch="true" condition-coverage="0% (0/2)" missing-branches="221,222"/>
						<line number="221" hits="0"/>
						<line number="222" hits="0"/>
						<line number="223" hits="0"/>
						<line number="225" hits="1"/>
						<line number="226" hits="1"/>
						<line number="228" hits="0" branch="true" condition-coverage="0% (0/2)" missing-branches="229,233"/>
						<line number="229" hits="0"/>
						<line number="233" hits="0"/>
						<line number="236" hits="1"/>
						<line number="239" hits="1"/>
						<line number="241" hits="1"/>
						<line number="242" hits="1"/>
						<line number="243" hits="1"/>
						<line number="244" hits="1"/>
						<line number="247" hits="1"/>
						<line number="254" hits="1"/>
						<line number="256" hits="1"/>
						<line number="257" hits="1"/>
						<line number="258" hits="1"/>
						<line number="259" hits="1"/>
						<line number="262" hits="1"/>
						<line number="265" hits="1"/>
						<line number="267" hits="1"/>
						<line number="268" hits="1"/>
						<line number="271" hits="1"/>
						<line number="272" hits="1"/>
						<line number="273" hits="1"/>
						<line number="277" hits="1"/>
						<line number="281" hits="1"/>
						<line number="282" hits="1"/>
						<line number="295" hits="1"/>
						<line number="303" hits="1"/>
						<line number="312" hits="1"/>
						<line number="315" hits="1"/>
						<line number="321" hits="1"/>
						<line number="334" hits="1"/>
						<line number="335" hits="1"/>
						<line number="338" hits="1"/>
						<line number="339" hits="1"/>
						<line number="340" hits="1"/>
						<line number="348" hits="1"/>
						<line number="370" hits="1"/>
						<line number="376" hits="1"/>
						<line number="400" hits="0"/>
						<line number="401" hits="0"/>
						<line number="404" hits="0"/>
						<line number="405" hits="0"/>
						<line number="406" hits="0"/>
						<line number="407" hits="0"/>
						<line number="411" hits="1"/>
						<line number="427" hits="0"/>
						<line number="428" hits="0" branch="true" condition-coverage="0% (0/2)" missing-branches="429,436"/>
						<line number="429" hits="0"/>
						<line number="436" hits="0"/>
						<line number="437" hits="0"/>
						<line number="441" hits="0"/>
						<line number="442" hits="0"/>
						<line number="443" hits="0"/>
						<line number="444" hits="0"/>
						<line number="446" hits="0" branch="true" condition-coverage="0% (0/2)" missing-branches="447,460"/>
						<line number="447" hits="0" branch="true" condition-coverage="0% (0/2)" missing-branches="448,456"/>
						<line number="448" hits="0"/>
						<line number="449" hits="0"/>
						<line number="455" hits="0"/>
						<line number="456" hits="0"/>
						<line number="457" hits="0"/>
						<line number="458" hits="0"/>
						<line number="460" hits="0" branch="true" condition-coverage="0% (0/2)" missing-branches="461,467"/>
						<line number="461" hits="0"/>
						<line number="467" hits="0"/>
						<line number="470" hits="0"/>
						<line number="474" hits="0"/>
						<line number="487" hits="1"/>
						<line number="498" hits="0"/>
						<line number="499" hits="0"/>
						<line number="501" hits="0" branch="true" condition-coverage="0% (0/2)" missing-branches="502,509"/>
						<line number="502" hits="0" branch="true" condition-coverage="0% (0/2)" missing-branches="503,507"/>
						<line number="503" hits="0"/>
						<line number="507" hits="0"/>
						<line number="509" hits="0" branch="true" condition-coverage="0% (0/2)" missing-branches="510,517"/>
						<line number="510" hits="0" branch="true" condition-coverage="0% (0/2)" missing-branches="511,515"/>
						<line number="511" hits="0"/>
						<line number="515" hits="0"/>
						<line number="517" hits="0" branch="true" condition-coverage="0% (0/2)" missing-branches="518,525"/>
						<line number="518" hits="0" branch="true" condition-coverage="0% (0/2)" missing-branches="519,523"/>
						<line number="519" hits="0"/>
						<line number="523" hits="0"/>
						<line number="525" hits="0"/>
						<line number="529" hits="1"/>
						<line number="531" hits="0"/>
						<line number="532" hits="0"/>
						<line number="533" hits="0"/>
						<line number="536" hits="0"/>
						<line number="537" hits="0"/>
						<line number="542" hits="0"/>
						<line number="543" hits="0"/>
						<line number="552" hits="0" branch="true" condition-coverage="0% (0/2)" missing-branches="553,557"/>
						<line number="553" hits="0"/>
						<line number="557" hits="0" branch="true" condition-coverage="0% (0/2)" missing-branches="558,563"/>
						<line number="558" hits="0"/>
						<line number="563" hits="0" branch="true" condition-coverage="0% (0/2)" missing-branches="564,569"/>
						<line number="564" hits="0"/>
						<line number="569" hits="0" branch="true" condition-coverage="0% (0/2)" missing-branches="570,575"/>
						<line number="570" hits="0"/>
						<line number="575" hits="0" branch="true" condition-coverage="0% (0/2)" missing-branches="576,580"/>
						<line number="576" hits="0"/>
						<line number="580" hits="0" branch="true" condition-coverage="0% (0/2)" missing-branches="581,585"/>
						<line number="581" hits="0"/>
						<line number="585" hits="0" branch="true" condition-coverage="0% (0/2)" missing-branches="586,590"/>
						<line number="586" hits="0"/>
						<line number="590" hits="0" branch="true" condition-coverage="0% (0/2)" missing-branches="591,595"/>
						<line number="591" hits="0"/>
						<line number="595" hits="0"/>
						<line number="597" hits="1"/>
						<line number="599" hits="0"/>
						<line number="600" hits="0"/>
						<line number="601" hits="0"/>
						<line number="604" hits="0"/>
						<line number="605" hits="0"/>
						<line number="606" hits="0"/>
						<line number="608" hits="0"/>
						<line number="609" hits="0"/>
						<line number="618" hits="0"/>
						<line number="619" hits="0" branch="true" condition-coverage="0% (0/2)" missing-branches="620,624"/>
						<line number="620" hits="0"/>
						<line number="624" hits="0" branch="true" condition-coverage="0% (0/2)" missing-branches="625,629"/>
						<line number="625" hits="0"/>
						<line number="629" hits="0" branch="true" condition-coverage="0% (0/2)" missing-branches="630,631"/>
						<line number="630" hits="0"/>
						<line number="631" hits="0" branch="true" condition-coverage="0% (0/2)" missing-branches="632,636"/>
						<line number="632" hits="0"/>
						<line number="636" hits="0" branch="true" condition-coverage="0% (0/2)" missing-branches="637,638"/>
						<line number="637" hits="0"/>
						<line number="638" hits="0" branch="true" condition-coverage="0% (0/2)" missing-branches="639,641"/>
						<line number="639" hits="0"/>
						<line number="640" hits="0"/>
						<line number="641" hits="0"/>
						<line number="643" hits="1"/>
						<line number="650" hits="0"/>
						<line number="651" hits="0"/>
						<line number="654" hits="0"/>
						<line number="655" hits="0"/>
						<line number="656" hits="0" branch="true" condition-coverage="0% (0/2)" missing-branches="657,672"/>
						<line number="657" hits="0"/>
						<line number="660" hits="0"/>
						<line number="661" hits="0"/>
						<line number="672" hits="0"/>
						<line number="676" hits="1"/>
						<line number="680" hits="0"/>
						<line number="687" hits="1"/>
						<line number="693" hits="0"/>
						<line number="694" hits="0"/>
						<line number="695" hits="0" branch="true" condition-coverage="0% (0/2)" missing-branches="696,697"/>
						<line number="696" hits="0"/>
						<line number="697" hits="0"/>
						<line number="698" hits="0" branch="true" condition-coverage="0% (0/2)" missing-branches="699,700"/>
						<line number="699" hits="0"/>
						<line number="700" hits="0"/>
						<line number="702" hits="1"/>
						<line number="703" hits="1"/>
						<line number="707" hits="0" branch="true" condition-coverage="0% (0/2)" missing-branches="708,709"/>
						<line number="708" hits="0"/>
						<line number="709" hits="0"/>
						<line number="710" hits="0"/>
						<line number="712" hits="1"/>
						<line number="713" hits="1"/>
						<line number="715" hits="0" branch="true" condition-coverage="0% (0/2)" missing-branches="716,717"/>
						<line number="716" hits="0"/>
						<line number="717" hits="0" branch="true" condition-coverage="0% (0/2)" missing-branches="718,719"/>
						<line number="718" hits="0"/>
						<line number="719" hits="0"/>
						<line number="721" hits="1"/>
						<line number="722" hits="1"/>
						<line number="724" hits="0"/>
					</lines>
				</class>
				<class name="strategist.py" filename="src/marketingos/agents/strategist.py" complexity="0" line-rate="0.6625" branch-rate="0">
					<methods/>
					<lines>
						<line number="24" hits="1"/>
						<line number="26" hits="1"/>
						<line number="27" hits="1"/>
						<line number="29" hits="1"/>
						<line number="31" hits="1"/>
						<line number="39" hits="1"/>
						<line number="43" hits="1"/>
						<line number="44" hits="1"/>
						<line number="46" hits="1"/>
						<line number="64" hits="1"/>
						<line number="67" hits="1"/>
						<line number="69" hits="1"/>
						<line number="70" hits="1"/>
						<line number="73" hits="1"/>
						<line number="76" hits="1"/>
						<line number="78" hits="1"/>
						<line number="79" hits="1"/>
						<line number="80" hits="1"/>
						<line number="83" hits="1"/>
						<line number="90" hits="1"/>
						<line number="92" hits="1"/>
						<line number="93" hits="1"/>
						<line number="94" hits="1"/>
						<line number="97" hits="1"/>
						<line number="100" hits="1"/>
						<line number="102" hits="1"/>
						<line number="103" hits="1"/>
						<line number="104" hits="1"/>
						<line number="107" hits="1"/>
						<line number="110" hits="1"/>
						<line number="112" hits="1"/>
						<line number="113" hits="1"/>
						<line number="117" hits="1"/>
						<line number="118" hits="1"/>
						<line number="119" hits="1"/>
						<line number="120" hits="1"/>
						<line number="121" hits="1"/>
						<line number="122" hits="1"/>
						<line number="123" hits="1"/>
						<line number="124" hits="1"/>
						<line number="126" hits="1"/>
						<line number="127" hits="1"/>
						<line number="129" hits="0"/>
						<line number="130" hits="0" branch="true" condition-coverage="0% (0/2)" missing-branches="131,132"/>
						<line number="131" hits="0"/>
						<line number="132" hits="0"/>
						<line number="140" hits="1"/>
						<line number="147" hits="1"/>
						<line number="160" hits="1"/>
						<line number="163" hits="1"/>
						<line number="176" hits="1"/>
						<line number="194" hits="1"/>
						<line number="219" hits="0"/>
						<line number="220" hits="0"/>
						<line number="227" hits="0"/>
						<line number="228" hits="0"/>
						<line number="232" hits="1"/>
						<line number="248" hits="0"/>
						<line number="252" hits="0"/>
						<line number="253" hits="0"/>
						<line number="254" hits="0"/>
						<line number="257" hits="0"/>
						<line number="266" hits="0"/>
						<line number="267" hits="0"/>
						<line number="273" hits="0"/>
						<line number="275" hits="0"/>
						<line number="282" hits="0"/>
						<line number="286" hits="1"/>
						<line number="294" hits="0"/>
						<line number="297" hits="0"/>
						<line number="308" hits="0"/>
						<line number="313" hits="0" branch="true" condition-coverage="0% (0/2)" missing-branches="exit,314"/>
						<line number="314" hits="0"/>
						<line number="323" hits="1"/>
						<line number="325" hits="0"/>
						<line number="327" hits="1"/>
						<line number="328" hits="1"/>
						<line number="331" hits="0"/>
						<line number="332" hits="0"/>
						<line number="340" hits="0"/>
					</lines>
				</class>
				<class name="synthetic_resource.py" filename="src/marketingos/agents/synthetic_resource.py" complexity="0" line-rate="0.4206" branch-rate="0">
					<methods/>
					<lines>
						<line number="28" hits="1"/>
						<line number="30" hits="1"/>
						<line number="31" hits="1"/>
						<line number="32" hits="1"/>
						<line number="33" hits="1"/>
						<line number="35" hits="1"/>
						<line number="37" hits="1"/>
						<line number="45" hits="1"/>
						<line number="47" hits="1"/>
						<line number="60" hits="1"/>
						<line number="73" hits="1"/>
						<line number="76" hits="1"/>
						<line number="82" hits="1"/>
						<line number="87" hits="1"/>
						<line number="100" hits="1"/>
						<line number="117" hits="1"/>
						<line number="119" hits="1"/>
						<line number="120" hits="1"/>
						<line number="121" hits="1"/>
						<line number="122" hits="1"/>
						<line number="123" hits="1"/>
						<line number="124" hits="1"/>
						<line number="128" hits="1"/>
						<line number="129" hits="1"/>
						<line number="130" hits="1"/>
						<line number="131" hits="1"/>
						<line number="139" hits="1"/>
						<line number="147" hits="1"/>
						<line number="150" hits="1"/>
						<line number="158" hits="1"/>
						<line number="173" hits="1"/>
						<line number="191" hits="1"/>
						<line number="192" hits="1"/>
						<line number="193" hits="1"/>
						<line number="201" hits="1"/>
						<line number="221" hits="1"/>
						<line number="240" hits="0"/>
						<line number="241" hits="0"/>
						<line number="244" hits="0"/>
						<line number="248" hits="1"/>
						<line number="263" hits="0" branch="true" condition-coverage="0% (0/2)" missing-branches="264,271"/>
						<line number="264" hits="0"/>
						<line number="271" hits="0"/>
						<line number="272" hits="0"/>
						<line number="273" hits="0"/>
						<line number="274" hits="0"/>
						<line number="276" hits="0"/>
						<line number="286" hits="0"/>
						<line number="301" hits="1"/>
						<line number="312" hits="0"/>
						<line number="313" hits="0" branch="true" condition-coverage="0% (0/2)" missing-branches="314,322"/>
						<line number="314" hits="0" branch="true" condition-coverage="0% (0/2)" missing-branches="315,316"/>
						<line number="315" hits="0"/>
						<line number="316" hits="0"/>
						<line number="317" hits="0" branch="true" condition-coverage="0% (0/2)" missing-branches="318,319"/>
						<line number="318" hits="0"/>
						<line number="319" hits="0"/>
						<line number="320" hits="0" branch="true" condition-coverage="0% (0/2)" missing-branches="313,321"/>
						<line number="321" hits="0"/>
						<line number="322" hits="0"/>
						<line number="324" hits="1"/>
						<line number="331" hits="0"/>
						<line number="332" hits="0" branch="true" condition-coverage="0% (0/2)" missing-branches="333,334"/>
						<line number="333" hits="0"/>
						<line number="334" hits="0"/>
						<line number="335" hits="0"/>
						<line number="336" hits="0"/>
						<line number="337" hits="0" branch="true" condition-coverage="0% (0/2)" missing-branches="338,339"/>
						<line number="338" hits="0"/>
						<line number="339" hits="0"/>
						<line number="341" hits="1"/>
						<line number="342" hits="1"/>
						<line number="344" hits="0"/>
						<line number="345" hits="0" branch="true" condition-coverage="0% (0/2)" missing-branches="346,347"/>
						<line number="346" hits="0"/>
						<line number="347" hits="0"/>
						<line number="349" hits="1"/>
						<line number="357" hits="0"/>
						<line number="358" hits="0" branch="true" condition-coverage="0% (0/2)" missing-branches="359,360"/>
						<line number="359" hits="0"/>
						<line number="360" hits="0"/>
						<line number="361" hits="0"/>
						<line number="362" hits="0" branch="true" condition-coverage="0% (0/2)" missing-branches="363,368"/>
						<line number="363" hits="0"/>
						<line number="364" hits="0" branch="true" condition-coverage="0% (0/2)" missing-branches="365,366"/>
						<line number="365" hits="0"/>
						<line number="366" hits="0"/>
						<line number="367" hits="0"/>
						<line number="368" hits="0" branch="true" condition-coverage="0% (0/2)" missing-branches="369,370"/>
						<line number="369" hits="0"/>
						<line number="370" hits="0"/>
						<line number="371" hits="0" branch="true" condition-coverage="0% (0/2)" missing-branches="372,373"/>
						<line number="372" hits="0"/>
						<line number="373" hits="0"/>
						<line number="375" hits="1"/>
						<line number="376" hits="1"/>
						<line number="378" hits="0"/>
						<line number="379" hits="0"/>
						<line number="383" hits="1"/>
						<line number="390" hits="0"/>
						<line number="391" hits="0" branch="true" condition-coverage="0% (0/2)" missing-branches="392,400"/>
						<line number="392" hits="0" branch="true" condition-coverage="0% (0/2)" missing-branches="391,393"/>
						<line number="393" hits="0"/>
						<line number="394" hits="0" branch="true" condition-coverage="0% (0/2)" missing-branches="392,399"/>
						<line number="399" hits="0"/>
						<line number="400" hits="0"/>
						<line number="401" hits="0"/>
					</lines>
				</class>
				<class name="video_director.py" filename="src/marketingos/agents/video_director.py" complexity="0" line-rate="0.6087" branch-rate="0">
					<methods/>
					<lines>
						<line number="28" hits="1"/>
						<line number="30" hits="1"/>
						<line number="31" hits="1"/>
						<line number="32" hits="1"/>
						<line number="33" hits="1"/>
						<line number="35" hits="1"/>
						<line number="43" hits="1"/>
						<line number="51" hits="1"/>
						<line number="55" hits="1"/>
						<line number="56" hits="1"/>
						<line number="57" hits="1"/>
						<line number="64" hits="1"/>
						<line number="86" hits="1"/>
						<line number="89" hits="1"/>
						<line number="91" hits="1"/>
						<line number="92" hits="1"/>
						<line number="93" hits="1"/>
						<line number="96" hits="1"/>
						<line number="99" hits="1"/>
						<line number="102" hits="1"/>
						<line number="104" hits="1"/>
						<line number="105" hits="1"/>
						<line number="106" hits="1"/>
						<line number="107" hits="1"/>
						<line number="109" hits="1"/>
						<line number="110" hits="1"/>
						<line number="112" hits="0"/>
						<line number="113" hits="0" branch="true" condition-coverage="0% (0/2)" missing-branches="114,118"/>
						<line number="114" hits="0"/>
						<line number="118" hits="0"/>
						<line number="121" hits="1"/>
						<line number="124" hits="1"/>
						<line number="126" hits="1"/>
						<line number="127" hits="1"/>
						<line number="128" hits="1"/>
						<line number="130" hits="1"/>
						<line number="131" hits="1"/>
						<line number="133" hits="0" branch="true" condition-coverage="0% (0/2)" missing-branches="134,135"/>
						<line number="134" hits="0"/>
						<line number="135" hits="0"/>
						<line number="138" hits="1"/>
						<line number="146" hits="1"/>
						<line number="148" hits="1"/>
						<line number="149" hits="1"/>
						<line number="152" hits="1"/>
						<line number="153" hits="1"/>
						<line number="154" hits="1"/>
						<line number="160" hits="1"/>
						<line number="161" hits="1"/>
						<line number="163" hits="0"/>
						<line number="164" hits="0" branch="true" condition-coverage="0% (0/2)" missing-branches="165,169"/>
						<line number="165" hits="0"/>
						<line number="169" hits="0"/>
						<line number="170" hits="0" branch="true" condition-coverage="0% (0/2)" missing-branches="171,178"/>
						<line number="171" hits="0" branch="true" condition-coverage="0% (0/2)" missing-branches="172,177"/>
						<line number="172" hits="0"/>
						<line number="177" hits="0"/>
						<line number="178" hits="0"/>
						<line number="180" hits="1"/>
						<line number="181" hits="1"/>
						<line number="182" hits="1"/>
						<line number="184" hits="0"/>
						<line number="186" hits="1"/>
						<line number="187" hits="1"/>
						<line number="188" hits="1"/>
						<line number="190" hits="0"/>
						<line number="192" hits="1"/>
						<line number="193" hits="1"/>
						<line number="194" hits="1"/>
						<line number="196" hits="0"/>
						<line number="204" hits="1"/>
						<line number="207" hits="1"/>
						<line number="209" hits="1"/>
						<line number="210" hits="1"/>
						<line number="211" hits="1"/>
						<line number="212" hits="1"/>
						<line number="215" hits="1"/>
						<line number="216" hits="1"/>
						<line number="223" hits="1"/>
						<line number="225" hits="0"/>
						<line number="233" hits="1"/>
						<line number="240" hits="1"/>
						<line number="242" hits="1"/>
						<line number="243" hits="1"/>
						<line number="244" hits="1"/>
						<line number="246" hits="1"/>
						<line number="247" hits="1"/>
						<line number="249" hits="0" branch="true" condition-coverage="0% (0/2)" missing-branches="250,255"/>
						<line number="250" hits="0"/>
						<line number="255" hits="0" branch="true" condition-coverage="0% (0/2)" missing-branches="256,261"/>
						<line number="256" hits="0"/>
						<line number="261" hits="0" branch="true" condition-coverage="0% (0/2)" missing-branches="262,267"/>
						<line number="262" hits="0"/>
						<line number="267" hits="0"/>
						<line number="275" hits="1"/>
						<line number="278" hits="1"/>
						<line number="280" hits="1"/>
						<line number="281" hits="1"/>
						<line number="282" hits="1"/>
						<line number="284" hits="1"/>
						<line number="285" hits="1"/>
						<line number="287" hits="0" branch="true" condition-coverage="0% (0/2)" missing-branches="288,292"/>
						<line number="288" hits="0"/>
						<line number="292" hits="0"/>
						<line number="295" hits="1"/>
						<line number="303" hits="1"/>
						<line number="305" hits="1"/>
						<line number="306" hits="1"/>
						<line number="307" hits="1"/>
						<line number="308" hits="1"/>
						<line number="309" hits="1"/>
						<line number="310" hits="1"/>
						<line number="311" hits="1"/>
						<line number="313" hits="1"/>
						<line number="314" hits="1"/>
						<line number="316" hits="0" branch="true" condition-coverage="0% (0/2)" missing-branches="317,321"/>
						<line number="317" hits="0"/>
						<line number="321" hits="0"/>
						<line number="322" hits="0" branch="true" condition-coverage="0% (0/2)" missing-branches="323,324"/>
						<line number="323" hits="0"/>
						<line number="324" hits="0"/>
						<line number="332" hits="1"/>
						<line number="339" hits="1"/>
						<line number="352" hits="1"/>
						<line number="355" hits="1"/>
						<line number="361" hits="1"/>
						<line number="370" hits="1"/>
						<line number="400" hits="1"/>
						<line number="419" hits="1"/>
						<line number="443" hits="0"/>
						<line number="444" hits="0"/>
						<line number="447" hits="0"/>
						<line number="448" hits="0"/>
						<line number="449" hits="0"/>
						<line number="453" hits="1"/>
						<line number="469" hits="0"/>
						<line number="472" hits="0"/>
						<line number="475" hits="0"/>
						<line number="483" hits="0"/>
						<line number="496" hits="0"/>
						<line number="505" hits="0"/>
						<line number="510" hits="0"/>
						<line number="514" hits="1"/>
						<line number="525" hits="0"/>
						<line number="535" hits="0"/>
						<line number="536" hits="0"/>
						<line number="537" hits="0"/>
						<line number="540" hits="0"/>
						<line number="541" hits="0"/>
						<line number="548" hits="0" branch="true" condition-coverage="0% (0/2)" missing-branches="549,556"/>
						<line number="549" hits="0"/>
						<line number="556" hits="0" branch="true" condition-coverage="0% (0/2)" missing-branches="557,564"/>
						<line number="557" hits="0"/>
						<line number="564" hits="0"/>
						<line number="565" hits="0"/>
						<line number="569" hits="1"/>
						<line number="571" hits="0"/>
						<line number="576" hits="0"/>
						<line number="581" hits="1"/>
						<line number="582" hits="1"/>
						<line number="591" hits="0"/>
					</lines>
				</class>
			</classes>
		</package>
		<package name="src.marketingos.api" line-rate="1" branch-rate="1" complexity="0">
			<classes>
				<class name="dependencies.py" filename="src/marketingos/api/dependencies.py" complexity="0" line-rate="1" branch-rate="1">
					<methods/>
					<lines/>
				</class>
				<class name="main.py" filename="src/marketingos/api/main.py" complexity="0" line-rate="1" branch-rate="1">
					<methods/>
					<lines/>
				</class>
			</classes>
		</package>
		<package name="src.marketingos.api.routes" line-rate="1" branch-rate="1" complexity="0">
			<classes>
				<class name="health.py" filename="src/marketingos/api/routes/health.py" complexity="0" line-rate="1" branch-rate="1">
					<methods/>
					<lines/>
				</class>
				<class name="outputs.py" filename="src/marketingos/api/routes/outputs.py" complexity="0" line-rate="1" branch-rate="1">
					<methods/>
					<lines/>
				</class>
				<class name="runs.py" filename="src/marketingos/api/routes/runs.py" complexity="0" line-rate="1" branch-rate="1">
					<methods/>
					<lines/>
				</class>
			</classes>
		</package>
		<package name="src.marketingos.config" line-rate="0" branch-rate="0" complexity="0">
			<classes>
				<class name="loader.py" filename="src/marketingos/config/loader.py" complexity="0" line-rate="0" branch-rate="0">
					<methods/>
					<lines>
						<line number="1" hits="0"/>
						<line number="3" hits="0"/>
						<line number="4" hits="0"/>
						<line number="5" hits="0"/>
						<line number="7" hits="0"/>
						<line number="8" hits="0"/>
						<line number="10" hits="0"/>
						<line number="19" hits="0"/>
						<line number="22" hits="0"/>
						<line number="26" hits="0"/>
						<line number="29" hits="0"/>
						<line number="30" hits="0"/>
						<line number="31" hits="0"/>
						<line number="34" hits="0"/>
						<line number="37" hits="0"/>
						<line number="38" hits="0"/>
						<line number="39" hits="0"/>
						<line number="40" hits="0"/>
						<line number="43" hits="0"/>
						<line number="46" hits="0"/>
						<line number="47" hits="0"/>
						<line number="48" hits="0"/>
						<line number="49" hits="0"/>
						<line number="52" hits="0"/>
						<line number="59" hits="0"/>
						<line number="60" hits="0"/>
						<line number="63" hits="0"/>
						<line number="65" hits="0"/>
						<line number="66" hits="0" branch="true" condition-coverage="0% (0/2)" missing-branches="67,68"/>
						<line number="67" hits="0"/>
						<line number="68" hits="0"/>
						<line number="71" hits="0"/>
						<line number="85" hits="0" branch="true" condition-coverage="0% (0/2)" missing-branches="86,88"/>
						<line number="86" hits="0"/>
						<line number="88" hits="0"/>
						<line number="89" hits="0"/>
						<line number="90" hits="0"/>
						<line number="91" hits="0"/>
						<line number="92" hits="0"/>
						<line number="94" hits="0"/>
						<line number="97" hits="0"/>
						<line number="111" hits="0"/>
						<line number="112" hits="0"/>
						<line number="113" hits="0"/>
						<line number="114" hits="0"/>
						<line number="117" hits="0"/>
						<line number="118" hits="0"/>
						<line number="134" hits="0"/>
						<line number="136" hits="0"/>
						<line number="137" hits="0"/>
						<line number="138" hits="0"/>
						<line number="139" hits="0"/>
						<line number="140" hits="0"/>
						<line number="142" hits="0"/>
						<line number="144" hits="0"/>
						<line number="145" hits="0"/>
						<line number="146" hits="0"/>
						<line number="147" hits="0"/>
						<line number="149" hits="0"/>
						<line number="150" hits="0"/>
						<line number="151" hits="0"/>
						<line number="152" hits="0"/>
						<line number="154" hits="0"/>
						<line number="155" hits="0"/>
						<line number="161" hits="0"/>
						<line number="162" hits="0"/>
					</lines>
				</class>
				<class name="settings.py" filename="src/marketingos/config/settings.py" complexity="0" line-rate="0" branch-rate="0">
					<methods/>
					<lines>
						<line number="1" hits="0"/>
						<line number="3" hits="0"/>
						<line number="5" hits="0"/>
						<line number="6" hits="0"/>
						<line number="9" hits="0"/>
						<line number="22" hits="0"/>
						<line number="23" hits="0"/>
						<line number="24" hits="0"/>
						<line number="26" hits="0"/>
						<line number="27" hits="0"/>
						<line number="28" hits="0"/>
						<line number="36" hits="0" branch="true" condition-coverage="0% (0/2)" missing-branches="37,38"/>
						<line number="37" hits="0"/>
						<line number="38" hits="0"/>
						<line number="41" hits="0"/>
						<line number="44" hits="0"/>
						<line number="45" hits="0"/>
						<line number="46" hits="0"/>
						<line number="49" hits="0"/>
						<line number="52" hits="0"/>
						<line number="53" hits="0"/>
						<line number="54" hits="0"/>
						<line number="55" hits="0"/>
						<line number="58" hits="0"/>
						<line number="61" hits="0"/>
						<line number="62" hits="0"/>
						<line number="63" hits="0"/>
						<line number="66" hits="0"/>
						<line number="69" hits="0"/>
						<line number="70" hits="0"/>
						<line number="71" hits="0"/>
						<line number="72" hits="0"/>
						<line number="73" hits="0"/>
						<line number="74" hits="0"/>
						<line number="75" hits="0"/>
						<line number="76" hits="0"/>
						<line number="77" hits="0"/>
						<line number="78" hits="0"/>
						<line number="81" hits="0"/>
						<line number="84" hits="0"/>
						<line number="85" hits="0"/>
						<line number="86" hits="0"/>
						<line number="87" hits="0"/>
						<line number="89" hits="0"/>
					</lines>
				</class>
			</classes>
		</package>
		<package name="src.marketingos.exceptions" line-rate="1" branch-rate="1" complexity="0">
			<classes>
				<class name="agent.py" filename="src/marketingos/exceptions/agent.py" complexity="0" line-rate="1" branch-rate="1">
					<methods/>
					<lines>
						<line number="1" hits="1"/>
						<line number="3" hits="1"/>
						<line number="6" hits="1"/>
						<line number="10" hits="1"/>
						<line number="14" hits="1"/>
						<line number="18" hits="1"/>
						<line number="22" hits="1"/>
					</lines>
				</class>
				<class name="base.py" filename="src/marketingos/exceptions/base.py" complexity="0" line-rate="1" branch-rate="1">
					<methods/>
					<lines>
						<line number="8" hits="1"/>
						<line number="11" hits="1"/>
					</lines>
				</class>
				<class name="budget.py" filename="src/marketingos/exceptions/budget.py" complexity="0" line-rate="1" branch-rate="1">
					<methods/>
					<lines>
						<line number="1" hits="1"/>
						<line number="3" hits="1"/>
						<line number="6" hits="1"/>
						<line number="10" hits="1"/>
						<line number="14" hits="1"/>
						<line number="18" hits="1"/>
						<line number="22" hits="1"/>
					</lines>
				</class>
				<class name="config.py" filename="src/marketingos/exceptions/config.py" complexity="0" line-rate="1" branch-rate="1">
					<methods/>
					<lines>
						<line number="1" hits="1"/>
						<line number="3" hits="1"/>
						<line number="6" hits="1"/>
						<line number="10" hits="1"/>
						<line number="14" hits="1"/>
						<line number="18" hits="1"/>
					</lines>
				</class>
				<class name="storage.py" filename="src/marketingos/exceptions/storage.py" complexity="0" line-rate="1" branch-rate="1">
					<methods/>
					<lines>
						<line number="1" hits="1"/>
						<line number="3" hits="1"/>
						<line number="6" hits="1"/>
						<line number="10" hits="1"/>
						<line number="14" hits="1"/>
						<line number="18" hits="1"/>
						<line number="22" hits="1"/>
					</lines>
				</class>
				<class name="tool.py" filename="src/marketingos/exceptions/tool.py" complexity="0" line-rate="1" branch-rate="1">
					<methods/>
					<lines>
						<line number="1" hits="1"/>
						<line number="3" hits="1"/>
						<line number="6" hits="1"/>
						<line number="10" hits="1"/>
						<line number="14" hits="1"/>
						<line number="18" hits="1"/>
						<line number="22" hits="1"/>
					</lines>
				</class>
				<class name="validation.py" filename="src/marketingos/exceptions/validation.py" complexity="0" line-rate="1" branch-rate="1">
					<methods/>
					<lines>
						<line number="1" hits="1"/>
						<line number="3" hits="1"/>
						<line number="6" hits="1"/>
						<line number="10" hits="1"/>
						<line number="14" hits="1"/>
						<line number="18" hits="1"/>
					</lines>
				</class>
				<class name="workflow.py" filename="src/marketingos/exceptions/workflow.py" complexity="0" line-rate="1" branch-rate="1">
					<methods/>
					<lines>
						<line number="1" hits="1"/>
						<line number="3" hits="1"/>
						<line number="6" hits="1"/>
						<line number="10" hits="1"/>
						<line number="14" hits="1"/>
						<line number="18" hits="1"/>
						<line number="22" hits="1"/>
					</lines>
				</class>
			</classes>
		</package>
		<package name="src.marketingos.memory" line-rate="0" branch-rate="0" complexity="0">
			<classes>
				<class name="schemas.py" filename="src/marketingos/memory/schemas.py" complexity="0" line-rate="0" branch-rate="1">
					<methods/>
					<lines>
						<line number="8" hits="0"/>
						<line number="10" hits="0"/>
						<line number="11" hits="0"/>
						<line number="12" hits="0"/>
						<line number="13" hits="0"/>
						<line number="15" hits="0"/>
						<line number="18" hits="0"/>
						<line number="19" hits="0"/>
						<line number="22" hits="0"/>
						<line number="23" hits="0"/>
						<line number="26" hits="0"/>
						<line number="35" hits="0"/>
						<line number="38" hits="0"/>
						<line number="39" hits="0"/>
						<line number="40" hits="0"/>
						<line number="43" hits="0"/>
						<line number="46" hits="0"/>
						<line number="48" hits="0"/>
						<line number="49" hits="0"/>
						<line number="50" hits="0"/>
						<line number="51" hits="0"/>
						<line number="52" hits="0"/>
						<line number="55" hits="0"/>
						<line number="58" hits="0"/>
						<line number="59" hits="0"/>
						<line number="62" hits="0"/>
						<line number="63" hits="0"/>
						<line number="64" hits="0"/>
						<line number="67" hits="0"/>
						<line number="68" hits="0"/>
						<line number="71" hits="0"/>
						<line number="74" hits="0"/>
						<line number="75" hits="0"/>
						<line number="76" hits="0"/>
						<line number="77" hits="0"/>
						<line number="78" hits="0"/>
						<line number="79" hits="0"/>
						<line number="80" hits="0"/>
						<line number="83" hits="0"/>
						<line number="84" hits="0"/>
						<line number="87" hits="0"/>
						<line number="90" hits="0"/>
						<line number="91" hits="0"/>
						<line number="92" hits="0"/>
						<line number="93" hits="0"/>
						<line number="94" hits="0"/>
						<line number="95" hits="0"/>
						<line number="98" hits="0"/>
						<line number="101" hits="0"/>
						<line number="103" hits="0"/>
						<line number="104" hits="0"/>
						<line number="105" hits="0"/>
						<line number="108" hits="0"/>
					</lines>
				</class>
				<class name="store.py" filename="src/marketingos/memory/store.py" complexity="0" line-rate="0" branch-rate="0">
					<methods/>
					<lines>
						<line number="10" hits="0"/>
						<line number="12" hits="0"/>
						<line number="13" hits="0"/>
						<line number="15" hits="0"/>
						<line number="16" hits="0"/>
						<line number="24" hits="0"/>
						<line number="27" hits="0"/>
						<line number="28" hits="0"/>
						<line number="31" hits="0"/>
						<line number="40" hits="0"/>
						<line number="41" hits="0"/>
						<line number="45" hits="0"/>
						<line number="46" hits="0"/>
						<line number="48" hits="0"/>
						<line number="49" hits="0"/>
						<line number="51" hits="0"/>
						<line number="52" hits="0"/>
						<line number="54" hits="0"/>
						<line number="55" hits="0"/>
						<line number="57" hits="0"/>
						<line number="58" hits="0"/>
						<line number="62" hits="0"/>
						<line number="64" hits="0"/>
						<line number="71" hits="0"/>
						<line number="73" hits="0"/>
						<line number="81" hits="0"/>
						<line number="82" hits="0" branch="true" condition-coverage="0% (0/2)" missing-branches="83,85"/>
						<line number="83" hits="0"/>
						<line number="85" hits="0"/>
						<line number="86" hits="0"/>
						<line number="87" hits="0"/>
						<line number="88" hits="0"/>
						<line number="92" hits="0"/>
						<line number="94" hits="0"/>
						<line number="96" hits="0"/>
						<line number="110" hits="0"/>
						<line number="118" hits="0"/>
						<line number="122" hits="0"/>
						<line number="137" hits="0"/>
						<line number="145" hits="0"/>
						<line number="155" hits="0" branch="true" condition-coverage="0% (0/2)" missing-branches="156,164"/>
						<line number="156" hits="0"/>
						<line number="164" hits="0"/>
						<line number="165" hits="0"/>
						<line number="166" hits="0" branch="true" condition-coverage="0% (0/2)" missing-branches="167,168"/>
						<line number="167" hits="0"/>
						<line number="168" hits="0"/>
						<line number="175" hits="0"/>
						<line number="176" hits="0"/>
					</lines>
				</class>
			</classes>
		</package>
		<package name="src.marketingos.memory.backends" line-rate="0" branch-rate="0" complexity="0">
			<classes>
				<class name="sqlite_backend.py" filename="src/marketingos/memory/backends/sqlite_backend.py" complexity="0" line-rate="0" branch-rate="0">
					<methods/>
					<lines>
						<line number="11" hits="0"/>
						<line number="13" hits="0"/>
						<line number="14" hits="0"/>
						<line number="15" hits="0"/>
						<line number="16" hits="0"/>
						<line number="17" hits="0"/>
						<line number="18" hits="0"/>
						<line number="20" hits="0"/>
						<line number="27" hits="0"/>
						<line number="38" hits="0"/>
						<line number="40" hits="0"/>
						<line number="47" hits="0"/>
						<line number="64" hits="0"/>
						<line number="66" hits="0"/>
						<line number="67" hits="0"/>
						<line number="68" hits="0"/>
						<line number="69" hits="0"/>
						<line number="71" hits="0"/>
						<line number="72" hits="0"/>
						<line number="73" hits="0"/>
						<line number="78" hits="0"/>
						<line number="79" hits="0"/>
						<line number="80" hits="0"/>
						<line number="81" hits="0"/>
						<line number="84" hits="0"/>
						<line number="88" hits="0"/>
						<line number="89" hits="0"/>
						<line number="90" hits="0"/>
						<line number="102" hits="0"/>
						<line number="106" hits="0"/>
						<line number="111" hits="0"/>
						<line number="112" hits="0"/>
						<line number="113" hits="0"/>
						<line number="114" hits="0"/>
						<line number="115" hits="0"/>
						<line number="116" hits="0"/>
						<line number="117" hits="0"/>
						<line number="118" hits="0"/>
						<line number="119" hits="0"/>
						<line number="120" hits="0"/>
						<line number="121" hits="0"/>
						<line number="122" hits="0"/>
						<line number="123" hits="0"/>
						<line number="124" hits="0"/>
						<line number="125" hits="0"/>
						<line number="127" hits="0"/>
						<line number="129" hits="0"/>
						<line number="130" hits="0" branch="true" condition-coverage="0% (0/2)" missing-branches="exit,131"/>
						<line number="131" hits="0"/>
						<line number="133" hits="0"/>
						<line number="134" hits="0"/>
						<line number="135" hits="0"/>
						<line number="136" hits="0"/>
						<line number="137" hits="0"/>
						<line number="141" hits="0"/>
						<line number="142" hits="0"/>
						<line number="144" hits="0"/>
						<line number="145" hits="0"/>
						<line number="146" hits="0"/>
						<line number="150" hits="0" branch="true" condition-coverage="0% (0/2)" missing-branches="151,152"/>
						<line number="151" hits="0"/>
						<line number="152" hits="0"/>
						<line number="168" hits="0"/>
						<line number="169" hits="0"/>
						<line number="171" hits="0"/>
						<line number="172" hits="0"/>
						<line number="173" hits="0"/>
						<line number="174" hits="0"/>
						<line number="177" hits="0"/>
						<line number="178" hits="0" branch="true" condition-coverage="0% (0/2)" missing-branches="179,180"/>
						<line number="179" hits="0"/>
						<line number="180" hits="0"/>
						<line number="182" hits="0"/>
						<line number="183" hits="0"/>
						<line number="185" hits="0"/>
						<line number="186" hits="0"/>
						<line number="187" hits="0"/>
						<line number="188" hits="0"/>
						<line number="189" hits="0" branch="true" condition-coverage="0% (0/2)" missing-branches="190,192"/>
						<line number="190" hits="0"/>
						<line number="191" hits="0"/>
						<line number="192" hits="0" branch="true" condition-coverage="0% (0/2)" missing-branches="193,195"/>
						<line number="193" hits="0"/>
						<line number="194" hits="0"/>
						<line number="195" hits="0" branch="true" condition-coverage="0% (0/2)" missing-branches="196,198"/>
						<line number="196" hits="0"/>
						<line number="197" hits="0"/>
						<line number="198" hits="0"/>
						<line number="199" hits="0"/>
						<line number="200" hits="0"/>
						<line number="201" hits="0"/>
						<line number="202" hits="0"/>
						<line number="203" hits="0"/>
						<line number="204" hits="0"/>
						<line number="206" hits="0"/>
						<line number="207" hits="0"/>
						<line number="209" hits="0"/>
						<line number="210" hits="0"/>
						<line number="211" hits="0"/>
						<line number="212" hits="0" branch="true" condition-coverage="0% (0/2)" missing-branches="exit,213"/>
						<line number="213" hits="0"/>
						<line number="215" hits="0"/>
						<line number="216" hits="0"/>
						<line number="218" hits="0"/>
						<line number="219" hits="0"/>
						<line number="220" hits="0"/>
						<line number="221" hits="0"/>
						<line number="224" hits="0"/>
						<line number="228" hits="0"/>
						<line number="230" hits="0"/>
						<line number="231" hits="0" branch="true" condition-coverage="0% (0/2)" missing-branches="exit,232"/>
						<line number="232" hits="0"/>
						<line number="233" hits="0"/>
						<line number="235" hits="0"/>
						<line number="236" hits="0"/>
						<line number="238" hits="0"/>
						<line number="239" hits="0"/>
					</lines>
				</class>
				<class name="vector_backend.py" filename="src/marketingos/memory/backends/vector_backend.py" complexity="0" line-rate="0" branch-rate="0">
					<methods/>
					<lines>
						<line number="15" hits="0"/>
						<line number="17" hits="0"/>
						<line number="18" hits="0"/>
						<line number="20" hits="0"/>
						<line number="25" hits="0"/>
						<line number="27" hits="0"/>
						<line number="30" hits="0"/>
						<line number="31" hits="0"/>
						<line number="34" hits="0"/>
						<line number="36" hits="0"/>
						<line number="39" hits="0"/>
						<line number="41" hits="0" branch="true" condition-coverage="0% (0/2)" missing-branches="42,43"/>
						<line number="42" hits="0"/>
						<line number="43" hits="0" branch="true" condition-coverage="0% (0/2)" missing-branches="44,46"/>
						<line number="44" hits="0"/>
						<line number="46" hits="0"/>
						<line number="47" hits="0"/>
						<line number="50" hits="0"/>
						<line number="51" hits="0" branch="true" condition-coverage="0% (0/2)" missing-branches="52,53"/>
						<line number="52" hits="0"/>
						<line number="53" hits="0"/>
						<line number="54" hits="0"/>
						<line number="55" hits="0"/>
						<line number="56" hits="0" branch="true" condition-coverage="0% (0/2)" missing-branches="57,58"/>
						<line number="57" hits="0"/>
						<line number="58" hits="0"/>
						<line number="61" hits="0"/>
						<line number="72" hits="0"/>
						<line number="73" hits="0"/>
						<line number="74" hits="0"/>
						<line number="75" hits="0"/>
						<line number="79" hits="0"/>
						<line number="80" hits="0"/>
						<line number="81" hits="0"/>
						<line number="82" hits="0" branch="true" condition-coverage="0% (0/2)" missing-branches="exit,83"/>
						<line number="83" hits="0"/>
						<line number="85" hits="0"/>
						<line number="86" hits="0"/>
						<line number="88" hits="0"/>
						<line number="89" hits="0"/>
						<line number="90" hits="0"/>
						<line number="92" hits="0"/>
						<line number="93" hits="0"/>
						<line number="95" hits="0"/>
						<line number="96" hits="0" branch="true" condition-coverage="0% (0/2)" missing-branches="97,98"/>
						<line number="97" hits="0"/>
						<line number="98" hits="0"/>
						<line number="102" hits="0"/>
						<line number="103" hits="0"/>
						<line number="105" hits="0"/>
						<line number="106" hits="0"/>
						<line number="107" hits="0" branch="true" condition-coverage="0% (0/2)" missing-branches="108,119"/>
						<line number="108" hits="0"/>
						<line number="109" hits="0"/>
						<line number="110" hits="0"/>
						<line number="111" hits="0"/>
						<line number="112" hits="0"/>
						<line number="113" hits="0" branch="true" condition-coverage="0% (0/2)" missing-branches="114,115"/>
						<line number="114" hits="0"/>
						<line number="115" hits="0" branch="true" condition-coverage="0% (0/2)" missing-branches="116,117"/>
						<line number="116" hits="0"/>
						<line number="117" hits="0"/>
						<line number="119" hits="0"/>
						<line number="124" hits="0"/>
					</lines>
				</class>
			</classes>
		</package>
		<package name="src.marketingos.models" line-rate="0.66" branch-rate="0" complexity="0">
			<classes>
				<class name="business_context.py" filename="src/marketingos/models/business_context.py" complexity="0" line-rate="0.6061" branch-rate="0">
					<methods/>
					<lines>
						<line number="28" hits="1"/>
						<line number="30" hits="1"/>
						<line number="31" hits="1"/>
						<line number="32" hits="1"/>
						<line number="33" hits="1"/>
						<line number="35" hits="1"/>
						<line number="43" hits="1"/>
						<line number="46" hits="1"/>
						<line number="47" hits="1"/>
						<line number="48" hits="1"/>
						<line number="49" hits="1"/>
						<line number="50" hits="1"/>
						<line number="51" hits="1"/>
						<line number="52" hits="1"/>
						<line number="53" hits="1"/>
						<line number="54" hits="1"/>
						<line number="55" hits="1"/>
						<line number="58" hits="1"/>
						<line number="61" hits="1"/>
						<line number="62" hits="1"/>
						<line number="63" hits="1"/>
						<line number="64" hits="1"/>
						<line number="72" hits="1"/>
						<line number="82" hits="1"/>
						<line number="88" hits="1"/>
						<line number="90" hits="1"/>
						<line number="97" hits="1"/>
						<line number="104" hits="1"/>
						<line number="109" hits="1"/>
						<line number="116" hits="1"/>
						<line number="122" hits="1"/>
						<line number="127" hits="1"/>
						<line number="128" hits="1"/>
						<line number="129" hits="1"/>
						<line number="130" hits="0"/>
						<line number="131" hits="0" branch="true" condition-coverage="0% (0/2)" missing-branches="132,133"/>
						<line number="132" hits="0"/>
						<line number="133" hits="0"/>
						<line number="135" hits="1"/>
						<line number="136" hits="1"/>
						<line number="137" hits="1"/>
						<line number="138" hits="0"/>
[...]
						<line number="26" hits="0"/>
						<line number="27" hits="0"/>
						<line number="28" hits="0"/>
						<line number="30" hits="0"/>
						<line number="31" hits="0"/>
						<line number="32" hits="0"/>
						<line number="34" hits="0"/>
						<line number="35" hits="0"/>
						<line number="36" hits="0"/>
						<line number="37" hits="0"/>
						<line number="39" hits="0"/>
						<line number="49" hits="0"/>
						<line number="52" hits="0"/>
						<line number="55" hits="0"/>
						<line number="57" hits="0"/>
						<line number="62" hits="0"/>
						<line number="64" hits="0"/>
						<line number="67" hits="0"/>
						<line number="70" hits="0"/>
						<line number="72" hits="0"/>
						<line number="73" hits="0"/>
						<line number="74" hits="0"/>
						<line number="75" hits="0"/>
						<line number="78" hits="0"/>
						<line number="81" hits="0"/>
						<line number="83" hits="0"/>
						<line number="84" hits="0"/>
						<line number="85" hits="0"/>
						<line number="86" hits="0"/>
						<line number="89" hits="0"/>
						<line number="98" hits="0"/>
						<line number="129" hits="0"/>
						<line number="132" hits="0" branch="true" condition-coverage="0% (0/2)" missing-branches="133,137"/>
						<line number="133" hits="0"/>
						<line number="137" hits="0"/>
						<line number="138" hits="0"/>
						<line number="139" hits="0"/>
						<line number="140" hits="0"/>
						<line number="141" hits="0"/>
						<line number="142" hits="0"/>
						<line number="143" hits="0"/>
						<line number="147" hits="0"/>
						<line number="148" hits="0"/>
						<line number="150" hits="0"/>
						<line number="152" hits="0"/>
						<line number="153" hits="0"/>
						<line number="155" hits="0"/>
						<line number="157" hits="0"/>
						<line number="158" hits="0"/>
						<line number="160" hits="0"/>
						<line number="162" hits="0"/>
						<line number="163" hits="0"/>
						<line number="165" hits="0"/>
						<line number="167" hits="0"/>
						<line number="168" hits="0"/>
						<line number="170" hits="0"/>
						<line number="172" hits="0"/>
						<line number="173" hits="0"/>
						<line number="175" hits="0"/>
						<line number="177" hits="0"/>
						<line number="178" hits="0"/>
						<line number="180" hits="0"/>
						<line number="184" hits="0"/>
						<line number="198" hits="0"/>
						<line number="199" hits="0"/>
						<line number="201" hits="0"/>
						<line number="214" hits="0"/>
						<line number="219" hits="0"/>
						<line number="224" hits="0"/>
						<line number="226" hits="0"/>
						<line number="228" hits="0"/>
						<line number="229" hits="0"/>
						<line number="230" hits="0"/>
						<line number="232" hits="0"/>
						<line number="233" hits="0"/>
						<line number="235" hits="0"/>
						<line number="241" hits="0"/>
						<line number="262" hits="0"/>
						<line number="270" hits="0"/>
						<line number="271" hits="0"/>
						<line number="272" hits="0"/>
						<line number="275" hits="0"/>
						<line number="276" hits="0"/>
						<line number="277" hits="0"/>
						<line number="278" hits="0"/>
						<line number="282" hits="0"/>
						<line number="283" hits="0"/>
						<line number="287" hits="0"/>
						<line number="288" hits="0"/>
						<line number="294" hits="0"/>
						<line number="296" hits="0"/>
						<line number="302" hits="0"/>
						<line number="303" hits="0"/>
						<line number="304" hits="0"/>
						<line number="305" hits="0"/>
						<line number="306" hits="0"/>
						<line number="309" hits="0" branch="true" condition-coverage="0% (0/2)" missing-branches="310,312"/>
						<line number="310" hits="0"/>
						<line number="312" hits="0"/>
						<line number="313" hits="0"/>
						<line number="322" hits="0"/>
						<line number="342" hits="0"/>
						<line number="345" hits="0"/>
						<line number="347" hits="0"/>
						<line number="349" hits="0"/>
						<line number="352" hits="0"/>
						<line number="354" hits="0"/>
					</lines>
				</class>
			</classes>
		</package>
		<package name="src.marketingos.tools.video" line-rate="0" branch-rate="0" complexity="0">
			<classes>
				<class name="video_assembler.py" filename="src/marketingos/tools/video/video_assembler.py" complexity="0" line-rate="0" branch-rate="0">
					<methods/>
					<lines>
						<line number="43" hits="0"/>
						<line number="45" hits="0"/>
						<line number="46" hits="0"/>
						<line number="47" hits="0"/>
						<line number="48" hits="0"/>
						<line number="49" hits="0"/>
						<line number="50" hits="0"/>
						<line number="52" hits="0"/>
						<line number="53" hits="0"/>
						<line number="54" hits="0"/>
						<line number="55" hits="0"/>
						<line number="57" hits="0"/>
						<line number="63" hits="0"/>
						<line number="64" hits="0"/>
						<line number="65" hits="0"/>
						<line number="66" hits="0"/>
						<line number="67" hits="0"/>
						<line number="69" hits="0"/>
						<line number="72" hits="0"/>
						<line number="74" hits="0"/>
						<line number="75" hits="0"/>
						<line number="78" hits="0"/>
						<line number="81" hits="0"/>
						<line number="84" hits="0"/>
						<line number="86" hits="0"/>
						<line number="89" hits="0"/>
						<line number="92" hits="0"/>
						<line number="128" hits="0"/>
						<line number="129" hits="0"/>
						<line number="130" hits="0"/>
						<line number="131" hits="0"/>
						<line number="132" hits="0"/>
						<line number="133" hits="0"/>
						<line number="134" hits="0"/>
						<line number="135" hits="0"/>
						<line number="136" hits="0"/>
						<line number="140" hits="0"/>
						<line number="141" hits="0"/>
						<line number="142" hits="0"/>
						<line number="144" hits="0"/>
						<line number="145" hits="0"/>
						<line number="146" hits="0"/>
						<line number="148" hits="0"/>
						<line number="149" hits="0"/>
						<line number="151" hits="0"/>
						<line number="153" hits="0"/>
						<line number="154" hits="0"/>
						<line number="155" hits="0"/>
						<line number="157" hits="0"/>
						<line number="158" hits="0"/>
						<line number="159" hits="0"/>
						<line number="161" hits="0"/>
						<line number="162" hits="0"/>
						<line number="163" hits="0"/>
						<line number="165" hits="0"/>
						<line number="166" hits="0"/>
						<line number="167" hits="0"/>
						<line number="171" hits="0"/>
						<line number="173" hits="0"/>
						<line number="180" hits="0"/>
						<line number="191" hits="0"/>
						<line number="192" hits="0"/>
						<line number="193" hits="0"/>
						<line number="194" hits="0"/>
						<line number="195" hits="0"/>
						<line number="196" hits="0"/>
						<line number="200" hits="0"/>
						<line number="201" hits="0"/>
						<line number="202" hits="0"/>
						<line number="204" hits="0"/>
						<line number="213" hits="0"/>
						<line number="222" hits="0"/>
						<line number="233" hits="0"/>
						<line number="237" hits="0"/>
						<line number="239" hits="0"/>
						<line number="240" hits="0"/>
						<line number="244" hits="0"/>
						<line number="246" hits="0"/>
						<line number="249" hits="0"/>
						<line number="253" hits="0"/>
						<line number="254" hits="0"/>
						<line number="255" hits="0"/>
						<line number="262" hits="0"/>
						<line number="264" hits="0"/>
						<line number="273" hits="0"/>
						<line number="274" hits="0"/>
						<line number="275" hits="0" branch="true" condition-coverage="0% (0/2)" missing-branches="276,287"/>
						<line number="276" hits="0"/>
						<line number="277" hits="0" branch="true" condition-coverage="0% (0/2)" missing-branches="278,279"/>
						<line number="278" hits="0"/>
						<line number="279" hits="0"/>
						<line number="285" hits="0"/>
						<line number="286" hits="0"/>
						<line number="287" hits="0"/>
						<line number="289" hits="0"/>
						<line number="291" hits="0"/>
						<line number="292" hits="0" branch="true" condition-coverage="0% (0/2)" missing-branches="293,297"/>
						<line number="293" hits="0"/>
						<line number="297" hits="0"/>
						<line number="299" hits="0"/>
						<line number="300" hits="0"/>
						<line number="306" hits="0"/>
						<line number="308" hits="0"/>
						<line number="309" hits="0"/>
						<line number="319" hits="0"/>
					</lines>
				</class>
			</classes>
		</package>
		<package name="src.marketingos.tools.web" line-rate="0" branch-rate="0" complexity="0">
			<classes>
				<class name="_compliance.py" filename="src/marketingos/tools/web/_compliance.py" complexity="0" line-rate="0" branch-rate="0">
					<methods/>
					<lines>
						<line number="16" hits="0"/>
						<line number="18" hits="0"/>
						<line number="19" hits="0"/>
						<line number="21" hits="0"/>
						<line number="23" hits="0"/>
						<line number="30" hits="0"/>
						<line number="41" hits="0"/>
						<line number="46" hits="0"/>
						<line number="56" hits="0" branch="true" condition-coverage="0% (0/2)" missing-branches="exit,57"/>
						<line number="57" hits="0"/>
					</lines>
				</class>
				<class name="_html.py" filename="src/marketingos/tools/web/_html.py" complexity="0" line-rate="0" branch-rate="0">
					<methods/>
					<lines>
						<line number="11" hits="0"/>
						<line number="13" hits="0"/>
						<line number="14" hits="0"/>
						<line number="16" hits="0"/>
						<line number="19" hits="0"/>
						<line number="20" hits="0"/>
						<line number="23" hits="0"/>
						<line number="24" hits="0"/>
						<line number="25" hits="0"/>
						<line number="26" hits="0"/>
						<line number="27" hits="0"/>
						<line number="28" hits="0"/>
						<line number="31" hits="0"/>
						<line number="34" hits="0"/>
						<line number="35" hits="0"/>
						<line number="36" hits="0"/>
						<line number="37" hits="0"/>
						<line number="38" hits="0"/>
						<line number="40" hits="0"/>
						<line number="41" hits="0"/>
						<line number="42" hits="0" branch="true" condition-coverage="0% (0/2)" missing-branches="43,47"/>
						<line number="43" hits="0"/>
						<line number="44" hits="0"/>
						<line number="45" hits="0" branch="true" condition-coverage="0% (0/2)" missing-branches="46,53"/>
						<line number="46" hits="0"/>
						<line number="47" hits="0" branch="true" condition-coverage="0% (0/2)" missing-branches="48,53"/>
						<line number="48" hits="0"/>
						<line number="49" hits="0" branch="true" condition-coverage="0% (0/2)" missing-branches="50,51"/>
						<line number="50" hits="0"/>
						<line number="51" hits="0" branch="true" condition-coverage="0% (0/2)" missing-branches="52,53"/>
						<line number="52" hits="0"/>
						<line number="53" hits="0" branch="true" condition-coverage="0% (0/2)" missing-branches="exit,54"/>
						<line number="54" hits="0"/>
						<line number="55" hits="0"/>
						<line number="57" hits="0"/>
						<line number="58" hits="0" branch="true" condition-coverage="0% (0/2)" missing-branches="59,60"/>
						<line number="59" hits="0"/>
						<line number="60" hits="0"/>
						<line number="61" hits="0" branch="true" condition-coverage="0% (0/2)" missing-branches="62,68"/>
						<line number="62" hits="0" branch="true" condition-coverage="0% (0/2)" missing-branches="63,64"/>
						<line number="63" hits="0"/>
						<line number="64" hits="0" branch="true" condition-coverage="0% (0/2)" missing-branches="65,66"/>
						<line number="65" hits="0"/>
						<line number="66" hits="0" branch="true" condition-coverage="0% (0/2)" missing-branches="67,68"/>
						<line number="67" hits="0"/>
						<line number="68" hits="0"/>
						<line number="69" hits="0"/>
						<line number="71" hits="0"/>
						<line number="72" hits="0" branch="true" condition-coverage="0% (0/2)" missing-branches="exit,73"/>
						<line number="73" hits="0"/>
						<line number="76" hits="0"/>
						<line number="84" hits="0"/>
						<line number="85" hits="0"/>
						<line number="86" hits="0"/>
					</lines>
				</class>
				<class name="instagram_public_reader.py" filename="src/marketingos/tools/web/instagram_public_reader.py" complexity="0" line-rate="0" branch-rate="0">
					<methods/>
					<lines>
						<line number="34" hits="0"/>
						<line number="36" hits="0"/>
						<line number="37" hits="0"/>
						<line number="38" hits="0"/>
						<line number="40" hits="0"/>
						<line number="41" hits="0"/>
						<line number="42" hits="0"/>
						<line number="44" hits="0"/>
						<line number="45" hits="0"/>
						<line number="46" hits="0"/>
						<line number="47" hits="0"/>
						<line number="48" hits="0"/>
						<line number="49" hits="0"/>
						<line number="50" hits="0"/>
						<line number="52" hits="0"/>
						<line number="54" hits="0"/>
						<line number="55" hits="0"/>
						<line number="56" hits="0"/>
						<line number="60" hits="0"/>
						<line number="66" hits="0"/>
						<line number="68" hits="0"/>
						<line number="71" hits="0"/>
						<line number="73" hits="0"/>
						<line number="74" hits="0"/>
						<line number="75" hits="0" branch="true" condition-coverage="0% (0/2)" missing-branches="76,78"/>
						<line number="76" hits="0"/>
						<line number="77" hits="0"/>
						<line number="78" hits="0"/>
						<line number="79" hits="0"/>
						<line number="80" hits="0"/>
						<line number="81" hits="0"/>
						<line number="84" hits="0"/>
						<line number="87" hits="0"/>
						<line number="89" hits="0"/>
						<line number="91" hits="0"/>
						<line number="92" hits="0"/>
						<line number="93" hits="0"/>
						<line number="95" hits="0"/>
						<line number="96" hits="0" branch="true" condition-coverage="0% (0/2)" missing-branches="97,98"/>
						<line number="97" hits="0"/>
						<line number="98" hits="0"/>
						<line number="101" hits="0"/>
						<line number="104" hits="0"/>
						<line number="122" hits="0"/>
						<line number="123" hits="0"/>
						<line number="124" hits="0"/>
						<line number="125" hits="0"/>
						<line number="129" hits="0"/>
						<line number="130" hits="0"/>
						<line number="131" hits="0"/>
						<line number="133" hits="0"/>
						<line number="134" hits="0"/>
						<line number="135" hits="0"/>
						<line number="137" hits="0"/>
						<line number="138" hits="0"/>
						<line number="139" hits="0"/>
						<line number="141" hits="0"/>
						<line number="142" hits="0"/>
						<line number="143" hits="0"/>
						<line number="145" hits="0"/>
						<line number="146" hits="0"/>
						<line number="147" hits="0"/>
						<line number="149" hits="0"/>
						<line number="150" hits="0"/>
						<line number="151" hits="0"/>
						<line number="153" hits="0"/>
						<line number="154" hits="0"/>
						<line number="155" hits="0"/>
						<line number="159" hits="0"/>
						<line number="161" hits="0"/>
						<line number="165" hits="0"/>
						<line number="173" hits="0"/>
						<line number="174" hits="0"/>
						<line number="175" hits="0"/>
						<line number="178" hits="0"/>
						<line number="179" hits="0"/>
						<line number="180" hits="0"/>
						<line number="184" hits="0"/>
						<line number="185" hits="0"/>
						<line number="189" hits="0"/>
						<line number="190" hits="0"/>
						<line number="191" hits="0"/>
						<line number="193" hits="0"/>
						<line number="194" hits="0"/>
						<line number="195" hits="0" branch="true" condition-coverage="0% (0/2)" missing-branches="196,202"/>
						<line number="196" hits="0"/>
						<line number="202" hits="0"/>
						<line number="203" hits="0"/>
						<line number="204" hits="0" branch="true" condition-coverage="0% (0/2)" missing-branches="205,219"/>
						<line number="205" hits="0"/>
						<line number="206" hits="0"/>
						<line number="207" hits="0" branch="true" condition-coverage="0% (0/2)" missing-branches="208,215"/>
						<line number="208" hits="0"/>
						<line number="209" hits="0"/>
						<line number="210" hits="0"/>
						<line number="214" hits="0"/>
						<line number="215" hits="0"/>
						<line number="216" hits="0" branch="true" condition-coverage="0% (0/2)" missing-branches="217,219"/>
						<line number="217" hits="0"/>
						<line number="219" hits="0"/>
						<line number="227" hits="0"/>
						<line number="230" hits="0"/>
						<line number="234" hits="0"/>
						<line number="240" hits="0"/>
						<line number="242" hits="0"/>
						<line number="244" hits="0"/>
					</lines>
				</class>
				<class name="website_scraper.py" filename="src/marketingos/tools/web/website_scraper.py" complexity="0" line-rate="0" branch-rate="0">
					<methods/>
					<lines>
						<line number="37" hits="0"/>
						<line number="39" hits="0"/>
						<line number="40" hits="0"/>
						<line number="41" hits="0"/>
						<line number="42" hits="0"/>
						<line number="44" hits="0"/>
						<line number="45" hits="0"/>
						<line number="46" hits="0"/>
						<line number="48" hits="0"/>
						<line number="49" hits="0"/>
						<line number="50" hits="0"/>
						<line number="51" hits="0"/>
						<line number="52" hits="0"/>
						<line number="53" hits="0"/>
						<line number="54" hits="0"/>
						<line number="56" hits="0"/>
						<line number="58" hits="0"/>
						<line number="59" hits="0"/>
						<line number="60" hits="0"/>
						<line number="61" hits="0"/>
						<line number="64" hits="0"/>
						<line number="67" hits="0"/>
						<line number="69" hits="0"/>
						<line number="72" hits="0"/>
						<line number="75" hits="0"/>
						<line number="98" hits="0"/>
						<line number="99" hits="0"/>
						<line number="100" hits="0"/>
						<line number="101" hits="0"/>
						<line number="102" hits="0"/>
						<line number="106" hits="0"/>
						<line number="107" hits="0"/>
						<line number="108" hits="0"/>
						<line number="110" hits="0"/>
						<line number="111" hits="0"/>
						<line number="112" hits="0"/>
						<line number="114" hits="0"/>
						<line number="115" hits="0"/>
						<line number="116" hits="0"/>
						<line number="118" hits="0"/>
						<line number="119" hits="0"/>
						<line number="120" hits="0"/>
						<line number="122" hits="0"/>
						<line number="123" hits="0"/>
						<line number="124" hits="0"/>
						<line number="126" hits="0"/>
						<line number="127" hits="0"/>
						<line number="128" hits="0"/>
						<line number="130" hits="0"/>
						<line number="131" hits="0"/>
						<line number="132" hits="0"/>
						<line number="136" hits="0"/>
						<line number="138" hits="0"/>
						<line number="142" hits="0"/>
						<line number="150" hits="0" branch="true" condition-coverage="0% (0/2)" missing-branches="151,153"/>
						<line number="151" hits="0"/>
						<line number="153" hits="0"/>
						<line number="154" hits="0"/>
						<line number="159" hits="0"/>
						<line number="160" hits="0"/>
						<line number="161" hits="0"/>
						<line number="164" hits="0"/>
						<line number="165" hits="0"/>
						<line number="167" hits="0"/>
						<line number="168" hits="0"/>
						<line number="169" hits="0"/>
						<line number="171" hits="0"/>
						<line number="172" hits="0"/>
						<line number="175" hits="0"/>
						<line number="177" hits="0"/>
						<line number="189" hits="0"/>
						<line number="192" hits="0"/>
						<line number="194" hits="0"/>
						<line number="201" hits="0"/>
						<line number="202" hits="0"/>
						<line number="203" hits="0"/>
						<line number="204" hits="0"/>
						<line number="207" hits="0"/>
						<line number="208" hits="0"/>
						<line number="209" hits="0" branch="true" condition-coverage="0% (0/2)" missing-branches="210,211"/>
						<line number="210" hits="0"/>
						<line number="211" hits="0"/>
						<line number="212" hits="0"/>
						<line number="213" hits="0" branch="true" condition-coverage="0% (0/2)" missing-branches="exit,214"/>
						<line number="214" hits="0"/>
						<line number="220" hits="0"/>
						<line number="226" hits="0"/>
						<line number="228" hits="0"/>
						<line number="230" hits="0"/>
					</lines>
				</class>
			</classes>
		</package>
	</packages>
</coverage>
